生成启动时间为 2020/2/15 19:54:46。
     1>项目“E:\VS2013\VS2013test\test_2_15\test_2_15\test_2_15\test_2_15.vcxproj”在节点 2 上(Build 个目标)。
     1>Link:
         E:\VS2013\Visual Studio 2013\VC\bin\link.exe /ERRORREPORT:PROMPT /OUT:"E:\VS2013\VS2013test\test_2_15\test_2_15\Debug\test_2_15.exe" /INCREMENTAL /NOLOGO kernel32.lib user32.lib gdi32.lib winspool.lib comdlg32.lib advapi32.lib shell32.lib ole32.lib oleaut32.lib uuid.lib odbc32.lib odbccp32.lib /MANIFEST /MANIFESTUAC:"level='asInvoker' uiAccess='false'" /manifest:embed /DEBUG /PDB:"E:\VS2013\VS2013test\test_2_15\test_2_15\Debug\test_2_15.pdb" /SUBSYSTEM:CONSOLE /TLBID:1 /DYNAMICBASE /NXCOMPAT /IMPLIB:"E:\VS2013\VS2013test\test_2_15\test_2_15\Debug\test_2_15.lib" /MACHINE:X86 "Debug\test_2_15源.obj"
     1>MSVCRTD.lib(crtexe.obj) : error LNK2019: 无法解析的外部符号 _main，该符号在函数 ___tmainCRTStartup 中被引用
     1>E:\VS2013\VS2013test\test_2_15\test_2_15\Debug\test_2_15.exe : fatal error LNK1120: 1 个无法解析的外部命令
     1>已完成生成项目“E:\VS2013\VS2013test\test_2_15\test_2_15\test_2_15\test_2_15.vcxproj”(Build 个目标)的操作 - 失败。

生成失败。

已用时间 00:00:00.93
