生成启动时间为 2020/2/15 20:20:59。
     1>项目“E:\VS2013\VS2013test\test_2_15\test_2_15_2\test_2_15_2\test_2_15_2.vcxproj”在节点 2 上(Build 个目标)。
     1>ClCompile:
         E:\VS2013\Visual Studio 2013\VC\bin\CL.exe /c /ZI /nologo /W3 /WX- /sdl /Od /Oy- /D WIN32 /D _DEBUG /D _CONSOLE /D _LIB /D _UNICODE /D UNICODE /Gm /EHsc /RTC1 /MDd /GS /fp:precise /Zc:wchar_t /Zc:forScope /Fo"Debug\\" /Fd"Debug\vc120.pdb" /Gd /TP /analyze- /errorReport:prompt "test_2_15_2源.cpp"
         test_2_15_2源.cpp
       Link:
         E:\VS2013\Visual Studio 2013\VC\bin\link.exe /ERRORREPORT:PROMPT /OUT:"E:\VS2013\VS2013test\test_2_15\test_2_15_2\Debug\test_2_15_2.exe" /INCREMENTAL /NOLOGO kernel32.lib user32.lib gdi32.lib winspool.lib comdlg32.lib advapi32.lib shell32.lib ole32.lib oleaut32.lib uuid.lib odbc32.lib odbccp32.lib /MANIFEST /MANIFESTUAC:"level='asInvoker' uiAccess='false'" /manifest:embed /DEBUG /PDB:"E:\VS2013\VS2013test\test_2_15\test_2_15_2\Debug\test_2_15_2.pdb" /SUBSYSTEM:CONSOLE /TLBID:1 /DYNAMICBASE /NXCOMPAT /IMPLIB:"E:\VS2013\VS2013test\test_2_15\test_2_15_2\Debug\test_2_15_2.lib" /MACHINE:X86 "Debug\test_2_15_2源.obj"
     1>MSVCRTD.lib(crtexe.obj) : error LNK2019: 无法解析的外部符号 _main，该符号在函数 ___tmainCRTStartup 中被引用
     1>E:\VS2013\VS2013test\test_2_15\test_2_15_2\Debug\test_2_15_2.exe : fatal error LNK1120: 1 个无法解析的外部命令
     1>已完成生成项目“E:\VS2013\VS2013test\test_2_15\test_2_15_2\test_2_15_2\test_2_15_2.vcxproj”(Build 个目标)的操作 - 失败。

生成失败。

已用时间 00:00:01.43
